Build started 2/1/2012 7:51:05 PM.
     1>Project "C:\Data\arduino\lpd8806_eric\lpd8806_eric.vcxproj" on node 2 (build target(s)).
     1>InitializeBuildStatus:
         Creating "Debug\lpd8806_eric.unsuccessfulbuild" because "AlwaysCreate" was specified.
       ClCompile:
         c:\Program Files (x86)\Microsoft Visual Studio 10.0\VC\bin\CL.exe /c /AI"C:\Program Files (x86)\Reference Assemblies\Microsoft\Framework\.NETFramework\v4.0" /Zi /clr /nologo /W3 /WX- /Od /Oy- /D WIN32 /D _DEBUG /D _WINDLL /D _UNICODE /D UNICODE /EHa /MDd /GS /fp:precise /Zc:wchar_t /Zc:forScope /Yc"StdAfx.h" /Fp"Debug\lpd8806_eric.pch" /Fo"Debug\\" /Fd"Debug\vc100.pdb" /TP /FU"C:\Program Files (x86)\Reference Assemblies\Microsoft\Framework\.NETFramework\v4.0\System.Core.dll" /FU"C:\Program Files (x86)\Reference Assemblies\Microsoft\Framework\.NETFramework\v4.0\System.Data.dll" /FU"C:\Program Files (x86)\Reference Assemblies\Microsoft\Framework\.NETFramework\v4.0\System.dll" /FU"C:\Program Files (x86)\Reference Assemblies\Microsoft\Framework\.NETFramework\v4.0\System.Xml.dll" /analyze- /errorReport:prompt Stdafx.cpp /clr:nostdlib 
         Stdafx.cpp
         c:\Program Files (x86)\Microsoft Visual Studio 10.0\VC\bin\CL.exe /c /AI"C:\Program Files (x86)\Reference Assemblies\Microsoft\Framework\.NETFramework\v4.0" /Zi /clr /nologo /W3 /WX- /Od /Oy- /D WIN32 /D _DEBUG /D _WINDLL /D _UNICODE /D UNICODE /EHa /MDd /GS /fp:precise /Zc:wchar_t /Zc:forScope /Yu"StdAfx.h" /Fp"Debug\lpd8806_eric.pch" /Fo"Debug\\" /Fd"Debug\vc100.pdb" /TP /FU"C:\Program Files (x86)\Reference Assemblies\Microsoft\Framework\.NETFramework\v4.0\System.Core.dll" /FU"C:\Program Files (x86)\Reference Assemblies\Microsoft\Framework\.NETFramework\v4.0\System.Data.dll" /FU"C:\Program Files (x86)\Reference Assemblies\Microsoft\Framework\.NETFramework\v4.0\System.dll" /FU"C:\Program Files (x86)\Reference Assemblies\Microsoft\Framework\.NETFramework\v4.0\System.Xml.dll" /analyze- /errorReport:prompt ..\Sketchpad\libraries\LPD8806\LPD8806.cpp AssemblyInfo.cpp lpd8806_eric.cpp /clr:nostdlib 
         LPD8806.cpp
     1>..\Sketchpad\libraries\LPD8806\LPD8806.cpp(1): warning C4627: '#include "SPI.h"': skipped when looking for precompiled header use
                 Add directive to 'StdAfx.h' or rebuild precompiled header
     1>..\Sketchpad\libraries\LPD8806\LPD8806.cpp(2): warning C4627: '#include "LPD8806.h"': skipped when looking for precompiled header use
                 Add directive to 'StdAfx.h' or rebuild precompiled header
     1>..\Sketchpad\libraries\LPD8806\LPD8806.cpp(222): fatal error C1010: unexpected end of file while looking for precompiled header. Did you forget to add '#include "StdAfx.h"' to your source?
         AssemblyInfo.cpp
         lpd8806_eric.cpp
         Generating Code...
     1>Done Building Project "C:\Data\arduino\lpd8806_eric\lpd8806_eric.vcxproj" (build target(s)) -- FAILED.

Build FAILED.

Time Elapsed 00:00:09.60
